23/04/2013 15:34:22 - New match 98770101 has started
23/04/2013 15:36:04 - SexxxY_Lady killed ImeturSis using BareHands
23/04/2013 15:36:33 - <WORLD> killed ImeturSis by FIRE BALL
23/04/2013 15:35:04 - SexxxY_Lady killed ImeturSis using Nunchuku
23/04/2013 15:36:06 - SexxxY_Lady killed ImeturSis using DesertEagle
23/04/2013 15:36:10 - SexxxY_Lady killed ImeturSis using BareHands
23/04/2013 15:37:04 - ImeturSis killed SexxxY_Lady using M12
23/04/2013 15:38:04 - ImeturSis killed SexxxY_Lady using M16
23/04/2013 15:39:00 - <WORLD> killed SexxxY_Lady by EARTHQUAKE
23/04/2013 15:39:05 - ImeturSis killed SexxxY_Lady using M16
23/04/2013 15:39:07 - MutuMb0 cured SexxxY_Lady using Big Finger
23/04/2013 15:39:09 - MutuMb0 cured SexxxY_Lady using Big Finger
23/04/2013 15:39:10 - MutuMb0 killed ImeturSis using Ak47
23/04/2013 15:39:20 - MutuMb0 cured SexxxY_Lady using Big Finger
23/04/2013 15:39:21 - MutuMb0 killed ImeturSis using Ak47
23/04/2013 15:46:33 - <WORLD> revived ImeturSis by GRACE
23/04/2013 15:46:45 - SexxxY_Lady killed Jose using M12
23/04/2013 15:46:46 - ImeturSis killed Jose using M12
23/04/2013 15:46:47 - MutuMb0 killed Jose using Ak47
23/04/2013 15:47:47 - Joao killed Jose using Ak47
23/04/2013 15:48:47 - Joao killed ImeturSis using Ak47
23/04/2013 15:48:47 - MutuMb0 cured SexxxY_Lady using Big Finger
23/04/2013 15:48:59 - <WORLD> killed SexxxY_Lady by DOOM
23/04/2013 15:49:52 - Match 98770101 has ended